<?xml version="1.0" encoding="UTF-8"?>
<testng-results ignored="0" total="6" passed="6" failed="0" skipped="0">
  <reporter-output>
  </reporter-output>
  <suite started-at="2025-06-17T22:53:18 WIB" name="Test Suite" finished-at="2025-06-17T22:54:17 WIB" duration-ms="59088">
    <groups>
      <group name="cucumber">
        <method signature="AbstractTestNGCucumberTests.runScenario(io.cucumber.testng.PickleWrapper,io.cucumber.testng.FeatureWrapper)[pri:0, instance:com.juaracoding.apitest.runners.Runner@3349e9bb]" name="runScenario" class="io.cucumber.testng.AbstractTestNGCucumberTests"/>
      </group> <!-- cucumber -->
    </groups>
    <test started-at="2025-06-17T22:53:18 WIB" name="Test" finished-at="2025-06-17T22:54:17 WIB" duration-ms="59088">
      <class name="com.juaracoding.apitest.runners.Runner">
        <test-method is-config="true" signature="setUpClass(org.testng.ITestContext)[pri:0, instance:com.juaracoding.apitest.runners.Runner@3349e9bb]" started-at="2025-06-17T22:53:18 WIB" name="setUpClass" finished-at="2025-06-17T22:53:19 WIB" duration-ms="1000" status="PASS">
          <params>
            <param index="0">
              <value>
                <![CDATA[org.testng.TestRunner@51a719e7]]>
              </value>
            </param>
          </params>
          <reporter-output>
          </reporter-output>
        </test-method> <!-- setUpClass -->
        <test-method signature="runScenario(io.cucumber.testng.PickleWrapper,io.cucumber.testng.FeatureWrapper)[pri:0, instance:com.juaracoding.apitest.runners.Runner@3349e9bb]" started-at="2025-06-17T22:53:19 WIB" name="runScenario" description="Runs Cucumber Scenarios" data-provider="scenarios" finished-at="2025-06-17T22:53:32 WIB" duration-ms="13364" status="PASS">
          <params>
            <param index="0">
              <value>
                <![CDATA["Login dengan kredensial yang valid"]]>
              </value>
            </param>
            <param index="1">
              <value>
                <![CDATA["Authentication feature test"]]>
              </value>
            </param>
          </params>
          <reporter-output>
          </reporter-output>
        </test-method> <!-- runScenario -->
        <test-method signature="runScenario(io.cucumber.testng.PickleWrapper,io.cucumber.testng.FeatureWrapper)[pri:0, instance:com.juaracoding.apitest.runners.Runner@3349e9bb]" started-at="2025-06-17T22:53:32 WIB" name="runScenario" description="Runs Cucumber Scenarios" data-provider="scenarios" finished-at="2025-06-17T22:53:36 WIB" duration-ms="4327" status="PASS">
          <params>
            <param index="0">
              <value>
                <![CDATA["Login dengan kredensial yang tidak valid"]]>
              </value>
            </param>
            <param index="1">
              <value>
                <![CDATA["Authentication feature test"]]>
              </value>
            </param>
          </params>
          <reporter-output>
          </reporter-output>
        </test-method> <!-- runScenario -->
        <test-method signature="runScenario(io.cucumber.testng.PickleWrapper,io.cucumber.testng.FeatureWrapper)[pri:0, instance:com.juaracoding.apitest.runners.Runner@3349e9bb]" started-at="2025-06-17T22:53:36 WIB" name="runScenario" description="Runs Cucumber Scenarios" data-provider="scenarios" finished-at="2025-06-17T22:53:43 WIB" duration-ms="6318" status="PASS">
          <params>
            <param index="0">
              <value>
                <![CDATA["Verifikasi daftar produk ditampilkan setelah login"]]>
              </value>
            </param>
            <param index="1">
              <value>
                <![CDATA["Daftar Produk"]]>
              </value>
            </param>
          </params>
          <reporter-output>
          </reporter-output>
        </test-method> <!-- runScenario -->
        <test-method signature="runScenario(io.cucumber.testng.PickleWrapper,io.cucumber.testng.FeatureWrapper)[pri:0, instance:com.juaracoding.apitest.runners.Runner@3349e9bb]" started-at="2025-06-17T22:53:43 WIB" name="runScenario" description="Runs Cucumber Scenarios" data-provider="scenarios" finished-at="2025-06-17T22:53:56 WIB" duration-ms="12928" status="PASS">
          <params>
            <param index="0">
              <value>
                <![CDATA["Pengguna menyelesaikan proses checkout dan melihat pesan konfirmasi"]]>
              </value>
            </param>
            <param index="1">
              <value>
                <![CDATA["Penyelesaian Checkout"]]>
              </value>
            </param>
          </params>
          <reporter-output>
          </reporter-output>
        </test-method> <!-- runScenario -->
        <test-method signature="runScenario(io.cucumber.testng.PickleWrapper,io.cucumber.testng.FeatureWrapper)[pri:0, instance:com.juaracoding.apitest.runners.Runner@3349e9bb]" started-at="2025-06-17T22:53:56 WIB" name="runScenario" description="Runs Cucumber Scenarios" data-provider="scenarios" finished-at="2025-06-17T22:54:06 WIB" duration-ms="10211" status="PASS">
          <params>
            <param index="0">
              <value>
                <![CDATA["User proceeds to checkout after adding a product to the cart"]]>
              </value>
            </param>
            <param index="1">
              <value>
                <![CDATA["Checkout Process - Proceed to checkout"]]>
              </value>
            </param>
          </params>
          <reporter-output>
          </reporter-output>
        </test-method> <!-- runScenario -->
        <test-method signature="runScenario(io.cucumber.testng.PickleWrapper,io.cucumber.testng.FeatureWrapper)[pri:0, instance:com.juaracoding.apitest.runners.Runner@3349e9bb]" started-at="2025-06-17T22:54:06 WIB" name="runScenario" description="Runs Cucumber Scenarios" data-provider="scenarios" finished-at="2025-06-17T22:54:14 WIB" duration-ms="8690" status="PASS">
          <params>
            <param index="0">
              <value>
                <![CDATA["Tambah produk ke keranjang belanja dan verifikasi tampilannya"]]>
              </value>
            </param>
            <param index="1">
              <value>
                <![CDATA["Keranjang Belanja - Tambah Produk ke Keranjang"]]>
              </value>
            </param>
          </params>
          <reporter-output>
          </reporter-output>
        </test-method> <!-- runScenario -->
        <test-method is-config="true" signature="tearDownClass()[pri:0, instance:com.juaracoding.apitest.runners.Runner@3349e9bb]" started-at="2025-06-17T22:54:14 WIB" name="tearDownClass" finished-at="2025-06-17T22:54:17 WIB" duration-ms="2177" status="PASS">
          <reporter-output>
          </reporter-output>
        </test-method> <!-- tearDownClass -->
      </class> <!-- com.juaracoding.apitest.runners.Runner -->
    </test> <!-- Test -->
  </suite> <!-- Test Suite -->
</testng-results>
